gridwiz_slow_charlcd/build/outputs/logs/manifest-merger-debug-report.txt
-- Merging decision tree log ---
manifest
ADDED from src\main\AndroidManifest.xml:9:1-20:12
INJECTED from src\main\AndroidManifest.xml:9:1-20:12
INJECTED from src\main\AndroidManifest.xml:9:1-20:12
INJECTED from src\main\AndroidManifest.xml:9:1-20:12
INJECTED from src\main\AndroidManifest.xml:9:1-20:12
INJECTED from src\main\AndroidManifest.xml:9:1-20:12
INJECTED from src\main\AndroidManifest.xml:9:1-20:12
	package
		ADDED from src\main\AndroidManifest.xml:10:5-44
		INJECTED from src\main\AndroidManifest.xml
		INJECTED from src\main\AndroidManifest.xml
	android:versionName
		INJECTED from src\main\AndroidManifest.xml
		ADDED from src\main\AndroidManifest.xml:9:1-20:12
		INJECTED from src\main\AndroidManifest.xml
	android:versionCode
		INJECTED from src\main\AndroidManifest.xml
		ADDED from src\main\AndroidManifest.xml:9:1-20:12
		INJECTED from src\main\AndroidManifest.xml
	xmlns:android
		ADDED from src\main\AndroidManifest.xml:9:11-69
application
ADDED from src\main\AndroidManifest.xml:12:5-19:19
	android:label
		ADDED from src\main\AndroidManifest.xml:13:9-37
activity#com.joas.gridwiz_slow_charlcd.GridwizSlowCharLCDUIActivity
ADDED from src\main\AndroidManifest.xml:14:9-18:56
	android:label
		ADDED from src\main\AndroidManifest.xml:17:13-41
	android:configChanges
		ADDED from src\main\AndroidManifest.xml:16:13-74
	android:theme
		ADDED from src\main\AndroidManifest.xml:18:13-44
	android:name
		ADDED from src\main\AndroidManifest.xml:15:13-86
uses-sdk
INJECTED from src\main\AndroidManifest.xml reason: use-sdk injection requested
INJECTED from src\main\AndroidManifest.xml
INJECTED from src\main\AndroidManifest.xml
INJECTED from src\main\AndroidManifest.xml
INJECTED from src\main\AndroidManifest.xml
	android:targetSdkVersion
		INJECTED from src\main\AndroidManifest.xml
		ADDED from src\main\AndroidManifest.xml
		INJECTED from src\main\AndroidManifest.xml
	android:minSdkVersion
		INJECTED from src\main\AndroidManifest.xml
		ADDED from src\main\AndroidManifest.xml
		INJECTED from src\main\AndroidManifest.xml